(2, 6):P:50
(2, 5):1:49
(3, 5):1:48
(4, 5):N:47
(4, 4):1:46
(5, 4):1:45
(6, 4):1:44
(6, 5):1:43
(6, 6):N:42
(6, 7):1:41
(6, 8):1:40
(5, 8):1:39
(4, 8):1:38
(4, 7):1:37
(3, 7):C:36
(2, 7):1:35
(2, 6):P:50
(1, 6):CC:49
(0, 6):1:48
(0, 5):N:47
(0, 4):2:45
(0, 3):2:43
(0, 2):N:42
(1, 2):1:41
(1, 3):2:39
(2, 3):N:38
(3, 3):1:37
(3, 2):N:36
(4, 2):1:35
(4, 1):2:33
(4, 0):CN:32
(5, 0):1:31
(6, 0):N:30
(5, 0):1:29
(4, 0):CN:28
(5, 0):1:27
(5, 1):C:26
(5, 2):1:25
(4, 2):1:24
(3, 2):N:23
(2, 2):2:21
(1, 2):1:20
(1, 1):1:19
(1, 0):C:18
(1, 1):1:17
(1, 2):1:16
(1, 3):2:14
(2, 3):N:13
(2, 4):1:12
(2, 5):1:11
(2, 6):P:50
(1, 6):CC:49
(2, 6):P:50
